   SW   perc perc perc  query                      position in query    matching   repeat              position in repeat
score   div. del. ins.  sequence                   begin end   (left)   repeat     class/family      begin  end    (left)  ID

   16    5.2  0.0  0.0  chr10:102394983-102395983    116   135  (865) + (G)n       Simple_repeat          1     20    (0)   1  
  190   29.4  2.9  0.0  chr10:79331478-79332478      141   208  (792) C MIR3       SINE/MIR            (51)    157     88   2  
  910   20.9  9.1  3.4  chr10:79331478-79332478      695   947   (53) C L1ME3      LINE/L1              (4)   6158   5892   3  
  430    7.7  0.0  0.0  chr10:79331478-79332478      949  1000    (0) + FRAM       SINE/Alu              20     71  (105)   4  
   40    4.9  0.0  0.0  chr11:102316852-102317852    737   779  (221) + (GT)n      Simple_repeat          1     43    (0)   5  
   13   20.0  5.9  2.0  chr11:441632-442632          198   252  (748) + G-rich     Low_complexity         1     57    (0)   6  
  210   33.0  5.4  5.4  chr11:58577106-58578106      780  1000    (0) C L2b        LINE/L2              (4)   3371   3151   7  
 2468    6.0  0.0  1.0  chr11:62004133-62005133        2   303  (697) C AluSg7     SINE/Alu            (10)    299      1   8  
 1632   10.7  0.0  1.4  chr11:62004133-62005133      785  1000    (0) + AluSg      SINE/Alu               2    214   (96)   9  
   15    4.3  4.2  0.0  chr11:96155856-96156856      418   441  (559) + (CCT)n     Simple_repeat          1     25    (0)  10  
   31   11.0  2.0  0.0  chr12:104671388-104672388    341   389  (611) + (TC)n      Simple_repeat          1     50    (0)  11  
  381   24.4  1.1  2.3  chr12:104930300-104931300    777   864  (136) C MER91A     DNA/hAT-Tip100      (98)     98     12  12  
  724   25.6 14.5  1.6  chr12:111404224-111405224      4   341  (659) + L2a        LINE/L2             3004   3384   (42)  13  
  407   28.4  4.2  2.0  chr12:111404224-111405224    516   659  (341) C MIRb       SINE/MIR            (22)    246    100  14  
  363   20.6  1.4  0.0  chr12:11745733-11746733      625   697  (303) + MIRb       SINE/MIR             127    200   (68)  15  
   13    0.0  5.0  0.0  chr12:45727201-45728201      346   365  (635) + (GGC)n     Simple_repeat          1     21    (0)  16  
  650   18.7  0.9  0.0  chr12:89959870-89960870      484   590  (410) + MER81      DNA/hAT-Blackjack      3    110    (4)  17  
  454   21.3  1.8 13.2  chr13:44568659-44569659        1   168  (832) + HAL1       LINE/L1              806    956 (1551)  18  
  640   28.5  7.4  0.9  chr13:44568659-44569659      443   658  (342) C MIR        SINE/MIR            (30)    232      3  19  
  515   23.1  5.9  2.6  chr13:44568659-44569659      667   853  (147) + HAL1       LINE/L1             2310   2502    (5)  18  
   20    0.0  0.0  0.0  chr14:31955640-31956640      643   664  (336) + (A)n       Simple_repeat          1     22    (0)  20  
  280   23.8  0.0  0.0  chr14:31955640-31956640      933   995    (5) + Zaphod5b   DNA/hAT-Tip100       244    306  (103)  21  
   16    9.3  8.3  2.6  chr14:35155716-35156716        1    36  (964) + (AT)n      Simple_repeat          1     38    (0)  22  
   27    3.5  0.0  0.0  chr14:35155716-35156716      722   751  (249) + (TTTTGT)n  Simple_repeat          1     30    (0)  23  
   17   14.3  4.0  4.0  chr14:35404475-35405475      178   227  (773) + G-rich     Low_complexity         1     50    (0)  24  
  608   13.6  0.0  0.0  chr14:76961444-76962444        1    81  (919) C AluSp      SINE/Alu           (232)     81      1  25  
   11   19.0  5.8  7.3  chr14:76961444-76962444      693   700  (300) + (CTCACT)n  Simple_repeat          1     65    (0)  26  
   15   17.1  5.2  5.2  chr14:76961444-76962444      701   758  (242) + (TCACTT)n  Simple_repeat          1     58    (0)  27  
  226   25.5 17.4  1.2  chr14:76961444-76962444      842   981   (19) C L2b        LINE/L2              (0)   3426   3215  28  
   12   10.0  0.0  0.0  chr14:77033537-77034537      742   763  (237) + (GGAG)n    Simple_repeat          1     22    (0)  29  
  304   22.2 19.0  3.6  chr14:77033537-77034537      815   959   (41) + MIRc       SINE/MIR              68    235   (33)  30  
  193   23.0  6.7  1.3  chr14:93959025-93960025       41   115  (885) C MIRc       SINE/MIR            (66)    202    124  31  
  325   26.4  2.3  0.7  chr17:21287622-21288622      879   978   (22) + MIR        SINE/MIR              13    110  (158)  32  
   19    0.0  0.0  0.0  chr17:72422333-72423333      959   979   (21) + (CA)n      Simple_repeat          1     21    (0)  33  
  202   30.9 18.0  3.1  chr17:7687050-7688050        800   999    (1) + L2a        LINE/L2             3125   3353   (73)  34  
   12   10.4  6.1  2.9  chr17:7842185-7843185        378   410  (590) + (AGAGTG)n  Simple_repeat          1     34    (0)  35  
   16   24.0  3.9  1.9  chr17:7842185-7843185        524   574  (426) + (GT)n      Simple_repeat          1     52    (0)  36  
  764   10.9  0.0  0.0  chr17:9388728-9389728          1   101  (899) + AluSp      SINE/Alu             209    309    (4)  37  
  296   25.2 18.8  1.0  chr17:9388728-9389728        163   418  (582) C L1ME4c     LINE/L1            (226)   5857   5557  38  
   12   12.4  8.6  0.0  chr19:1183499-1184499        227   261  (739) + (CCAGGTG)n Simple_repeat          1     38    (0)  39  
 2215    7.5  0.4  0.4  chr19:1183499-1184499        722  1000    (0) C AluSq      SINE/Alu            (14)    299     21  40  
  332   21.1  1.0  2.1  chr19:42121386-42122386       15   111  (889) C MIR3       SINE/MIR            (70)    138     43  41  
  142   20.6  3.1  2.5  chr19:4228773-4229773          1   390  (610) + (TCTCTC)n  Simple_repeat          1    392    (0)  42  
  186   18.2  0.0  0.0  chr19:4228773-4229773        966   998    (2) C MIR3       SINE/MIR            (58)    150    118  43 *
  199   10.0  0.0  0.0  chr19:4228773-4229773        971  1000    (0) C MIR1_Amn   SINE/MIR            (80)    150    121  44  
  400   25.2 10.6  2.5  chr19:44752933-44753933       24   196  (804) + MIR        SINE/MIR              70    250   (12)  45  
   11   25.1  2.2  2.2  chr19:44752933-44753933      653   697  (303) + (ACCGGC)n  Simple_repeat          1     45    (0)  46  
   18   22.1  0.0  0.0  chr19:44752933-44753933      871   907   (93) + G-rich     Low_complexity         1     37    (0)  47  
 2226    5.3  0.6  9.1  chr19:45642003-45643003      678  1000    (0) + AluSc      SINE/Alu               1    298   (11)  48  
   14   21.4  0.0  4.4  chr19:4831354-4832354        269   315  (685) + G-rich     Low_complexity         1     45    (0)  49  
   14    7.8  3.7  0.0  chr19:4831354-4832354        701   727  (273) + (TTTTA)n   Simple_repeat          1     28    (0)  50  
 1939   11.9  0.4  0.0  chr19:4831354-4832354        733  1000    (0) C AluSp      SINE/Alu             (0)    313     45  51  
   14   16.3  4.7  2.3  chr19:49677993-49678993      688   730  (270) + (GTCAGCT)n Simple_repeat          1     44    (0)  52  
  943    6.3  0.0  0.0  chr19:49677993-49678993      890  1000    (0) C AluSx1     SINE/Alu            (11)    301    191  53  
 2271   10.3  1.0  0.0  chr19:49897333-49898333      709  1000    (0) + AluSx      SINE/Alu               1    295   (17)  54  
   14   18.1  0.0  8.5  chr1:1063831-1064831         321   371  (629) + (CCTGG)n   Simple_repeat          1     47    (0)  55  
   19   17.1  2.1  2.1  chr1:1063831-1064831         953  1000    (0) + G-rich     Low_complexity         1     48    (0)  56  
  287   19.8 15.9  0.1  chr1:1214872-1215872          39   133  (867) + MLT1B      LTR/ERVL-MaLR          3    104  (270)  57  
  210   23.0  4.0  2.6  chr1:183318119-183319119     765   840  (160) C MIRb       SINE/MIR            (67)    201    125  58  
  341   17.9  0.0  1.8  chr1:235011514-235012514       3    59  (941) C MER5A      DNA/hAT-Charlie    (100)     89     34  59  
   17   21.2  0.0  2.6  chr1:235011514-235012514      62   101  (899) + (CA)n      Simple_repeat          1     39    (0)  60  
  247   31.2  1.8  0.9  chr1:235011514-235012514     830   942   (58) + MIRc       SINE/MIR             120    233   (35)  61  
 1782    9.4  0.5  0.0  chr1:31955715-31956715         1   224  (776) + AluSp      SINE/Alu              59    283   (30)  62  
   35    0.0  0.0  0.0  chr1:31955715-31956715       225   257  (743) + (ATAA)n    Simple_repeat          1     33    (0)  63  
  682   11.1  0.0  0.0  chr1:31955715-31956715       911  1000    (0) C AluSp      SINE/Alu             (3)    310    221  64  
  395   27.6  5.8  2.8  chr1:33342047-33343047       863  1000    (0) + MIRb       SINE/MIR               4    145  (123)  65  
  192   32.1  1.2  0.0  chr20:49812132-49813132      111   191  (809) + L2a        LINE/L2             3344   3425    (1)  66  
   12   14.1  3.0  3.0  chr20:49812132-49813132      686   718  (282) + (CCCG)n    Simple_repeat          1     33    (0)  67  
   14   13.4  6.1  0.0  chr20:49812132-49813132      836   868  (132) + (GGC)n     Simple_repeat          1     35    (0)  68  
  463   20.3 20.7  0.9  chr20:58306497-58307497      315   582  (418) + MLT1H2     LTR/ERVL-MaLR        213    551   (28)  69  
  566   29.7  6.7  0.5  chr20:58306497-58307497      808  1000    (0) C MIR        SINE/MIR             (0)    262     58  70  
 1768   13.9  3.6  1.4  chr21:33382707-33383707        1   280  (720) + AluJb      SINE/Alu               2    287   (25)  71  
  488   23.8  1.0  0.0  chr21:33382707-33383707      483   583  (417) + MER81      DNA/hAT-Blackjack      2    103   (11)  72  
  711    7.1  1.0  0.0  chr21:33382707-33383707      903  1000    (0) C L1MB5      LINE/L1              (8)   6166   6068  73  
   14   15.6  5.6  0.0  chr22:17781391-17782391      196   231  (769) + (CTGG)n    Simple_repeat          1     38    (0)  74  
  449   18.9  3.6  0.9  chr22:35629497-35630497        1   112  (888) C MLT1J2     LTR/ERVL-MaLR      (310)    138     24  75  
  301   33.9  0.0  0.0  chr22:35629497-35630497      347   455  (545) C L2d2       LINE/L2            (398)   3066   2958  76  
   12   11.9  0.0  6.9  chr22:35629497-35630497      547   577  (423) + G-rich     Low_complexity         1     29    (0)  77  
   93   11.3  5.8  0.0  chr22:35629497-35630497      719   892  (108) + GA-rich    Low_complexity         1    184    (0)  78  
   15    4.5  0.0  4.2  chr2:207529166-207530166     973   997    (3) + (GAG)n     Simple_repeat          1     24    (0)  79  
  331   35.0  4.9  2.6  chr2:28680879-28681879       282   466  (534) C MIRb       SINE/MIR            (23)    245     57  80  
   12    4.3  8.3  0.0  chr2:28680879-28681879       928   951   (49) + (TACA)n    Simple_repeat          1     26    (0)  81  
  356   31.4  0.8  0.8  chr2:55133527-55134527        43   164  (836) C MIR3       SINE/MIR            (22)    186     65  82  
 2584   17.4  4.3  1.1  chr2:55133527-55134527       270   777  (223) C MER41B     LTR/ERV1            (38)    596    105  83  
  888    4.1  0.0  0.0  chr3:109081654-109082654       1    98  (902) C AluSq4     SINE/Alu           (213)     98      1  84  
 5201   15.6  4.9  1.2  chr3:109081654-109082654     100   996    (4) + L1M3f      LINE/L1              184   1113 (4215)  85  
   12   14.7  3.3  0.0  chr3:119322667-119323667      98   127  (873) + (GCTCCT)n  Simple_repeat          1     31    (0)  86  
   22   24.2  0.0  0.0  chr3:119322667-119323667     783   846  (154) + (T)n       Simple_repeat          1     64    (0)  87  
  395   27.5  4.2  0.0  chr3:149224853-149225853     144   263  (737) C LTR91A     LTR                (841)    142     18  88  
   18   17.0  0.0  0.0  chr4:102500799-102501799     529   561  (439) + GA-rich    Low_complexity         1     33    (0)  89  
   17   25.4  2.4  5.0  chr4:102500799-102501799     657   738  (262) + (GCAGCC)n  Simple_repeat          1     80    (0)  90  
   19   28.1  2.5  2.5  chr4:39043954-39044954       759   839  (161) + (GGCGG)n   Simple_repeat          1     81    (0)  91  
   14   22.3  4.0  2.0  chr4:7842375-7843375         127   176  (824) + GA-rich    Low_complexity         1     51    (0)  92  
   16    0.0  0.0  0.0  chr4:7842375-7843375         312   328  (672) + (A)n       Simple_repeat          1     17    (0)  93  
  227   34.8  3.4  0.0  chr5:134554392-134555392     480   568  (432) C MIRb       SINE/MIR            (45)    223    132  94  
  660   10.6  0.0  0.0  chr5:144189431-144190431       1    94  (906) + Alu        SINE/Alu             218    311    (0)  95  
  323   27.8  1.4  0.0  chr5:144189431-144190431     111   182  (818) C Charlie4z  DNA/hAT-Charlie     (88)     79      7  96  
  486   26.9  5.0  2.4  chr5:144189431-144190431     682   841  (159) + L2c        LINE/L2             3182   3345   (42)  97  
  334   29.0  4.5  2.7  chr5:144189431-144190431     841   950   (50) + MIR        SINE/MIR              16    127  (135)  98 *
  599   19.0  4.1  2.0  chr5:151093204-151094204       5   149  (851) + MER5B      DNA/hAT-Charlie       31    178    (0)  99  
  471   30.0  1.8  1.3  chr5:151093204-151094204     618   794  (206) C MIR3       SINE/MIR            (19)    189     20 100  
  371   25.9  0.8  6.0  chr5:160467319-160468319      21   143  (857) + MIRb       SINE/MIR             144    260    (8) 101  
   14   18.5  0.0  8.5  chr6:12012814-12013814       194   244  (756) + (GGTCG)n   Simple_repeat          1     47    (0) 102  
   14   18.5  7.0  0.0  chr6:12012814-12013814       260   302  (698) + GA-rich    Low_complexity         1     46    (0) 103  
   12    8.9  4.2  0.0  chr6:12012814-12013814       323   346  (654) + (CCT)n     Simple_repeat          1     25    (0) 104  
  684   18.5  0.7  0.7  chr6:3209135-3210135         139   274  (726) + MER5A1     DNA/hAT-Charlie       27    162    (4) 105  
  416   24.7  9.8  4.7  chr6:3209135-3210135         655   837  (163) C MIR        SINE/MIR             (1)    261     70 106  
  183   29.4  6.1  4.0  chr6:44735270-44736270       414   512  (488) C MIR1_Amn   SINE/MIR            (77)    153     53 107  
   16   25.7  5.2  2.1  chr7:106424673-106425673     104   177  (823) + A-rich     Low_complexity         1     76    (0) 108  
   19    4.3  0.0  0.0  chr7:106424673-106425673     210   233  (767) + (TC)n      Simple_repeat          1     24    (0) 109  
  362   31.6  9.6  5.4  chr7:106424673-106425673     370   620  (380) + LTR90B     LTR                  536    796    (0) 110  
   18   20.0  5.1  1.6  chr7:155815035-155816035     229   287  (713) + (TCCC)n    Simple_repeat          1     61    (0) 111  
  761   19.8  5.7  4.8  chr7:26155980-26156980        84   311  (689) + MIR        SINE/MIR              33    262    (0) 112  
 1195    9.3  0.0  0.0  chr7:26155980-26156980       851  1000    (0) + AluYk4     SINE/Alu               1    150  (161) 113  
  301    5.6  0.0  0.0  chr7:44735145-44736145         2    37  (963) + AluY       SINE/Alu             128    163  (138) 114  
  504    9.3  0.0  0.0  chr7:44735145-44736145        38   112  (888) + AluY       SINE/Alu             235    309    (2) 114  
 1056   11.8 13.4  0.0  chr7:44735145-44736145       114   206  (794) + L1MB8      LINE/L1             5192   5308  (838) 115  
  769   14.4  0.0  1.6  chr7:44735145-44736145       207   331  (669) + FLAM_A     SINE/Alu               4    126   (16) 116  
 3882   14.7  7.1  1.1  chr7:44735145-44736145       332   999    (1) + L1MB8      LINE/L1             5309   5996  (182) 115  
  289   27.4  1.6  4.2  chr8:23074320-23075320       126   247  (753) C MIR3       SINE/MIR            (20)    188     70 117  
   20   27.2  3.2  3.2  chr8:23074320-23075320       591   683  (317) + (CTCT)n    Simple_repeat          1     93    (0) 118 *
   21   19.8  0.0  0.0  chr8:23074320-23075320       643   691  (309) + (CT)n      Simple_repeat          1     49    (0) 119  
  283   26.8  4.4 10.4  chr9:131729088-131730088     589   771  (229) + MIRb       SINE/MIR              95    267    (1) 120  
 1542    5.7  0.0  0.0  chr9:131729088-131730088     825  1000    (0) + AluYf1     SINE/Alu               1    176  (135) 121  
 2030   10.7  0.4  0.0  chr9:136882151-136883151     739  1000    (0) C AluSx1     SINE/Alu            (31)    281     19 122  
  920   10.9  1.6  0.0  chr9:136902094-136903094     867   994    (6) C AluSx4     SINE/Alu             (4)    306    177 123  
   17    9.2  5.7  0.0  chr9:93134139-93135139       147   181  (819) + (GCCC)n    Simple_repeat          1     37    (0) 124  
