   SW   perc perc perc  query                      position in query    matching   repeat              position in repeat
score   div. del. ins.  sequence                   begin end   (left)   repeat     class/family      begin  end    (left)  ID

  429    9.4  0.0  0.0  chr11:62004383-62004883        1    53  (447) C AluYj4     SINE/Alu           (258)     53      1   1  
   15    4.3  4.2  0.0  chr11:96156106-96156606      168   191  (309) + (CCT)n     Simple_repeat          1     25    (0)   2  
   31   11.0  2.0  0.0  chr12:104671638-104672138     91   139  (361) + (TC)n      Simple_repeat          1     50    (0)   3  
  534   12.2  4.4  0.0  chr12:111404474-111404974      2    91  (409) + L2a        LINE/L2             3291   3384   (42)   4  
  407   28.4  4.2  2.0  chr12:111404474-111404974    266   409   (91) C MIRb       SINE/MIR            (22)    246    100   5  
  363   20.6  1.4  0.0  chr12:11745983-11746483      375   447   (53) + MIRb       SINE/MIR             127    200   (68)   6  
   13    0.0  5.0  0.0  chr12:45727451-45727951       96   115  (385) + (GGC)n     Simple_repeat          1     21    (0)   7  
  650   18.7  0.9  0.0  chr12:89960120-89960620      234   340  (160) + MER81      DNA/hAT-Blackjack      3    110    (4)   8  
  640   28.5  7.4  0.9  chr13:44568909-44569409      193   408   (92) C MIR        SINE/MIR            (30)    232      3   9  
  374   21.7  0.0  0.0  chr13:44568909-44569409      417   499    (1) + HAL1       LINE/L1             2310   2392  (115)  10  
   20    0.0  0.0  0.0  chr14:31955890-31956390      393   414   (86) + (A)n       Simple_repeat          1     22    (0)  11  
   16   16.1  0.0  0.0  chr14:35155966-35156466      472   499    (1) + (T)n       Simple_repeat          1     28    (0)  12  
   13   19.2  6.1  2.0  chr14:76961694-76962194      451   499    (1) + (TCACTT)n  Simple_repeat          1     51    (0)  13  
   12   10.4  6.1  2.9  chr17:7842435-7842935        128   160  (340) + (AGAGTG)n  Simple_repeat          1     34    (0)  14  
   16   24.0  3.9  1.9  chr17:7842435-7842935        274   324  (176) + (GT)n      Simple_repeat          1     52    (0)  15  
   52   22.3  1.5  2.2  chr19:4229023-4229523          6   140  (360) + (TC)n      Simple_repeat          1    134    (0)  16  
   11   25.1  2.2  2.2  chr19:44753183-44753683      403   447   (53) + (ACCGGC)n  Simple_repeat          1     45    (0)  17  
  607    8.2  0.0  0.0  chr19:45642253-45642753      428   500    (0) + AluYj4     SINE/Alu               1     73  (238)  18  
   14   21.4  0.0  4.4  chr19:4831604-4832104         19    65  (435) + G-rich     Low_complexity         1     45    (0)  19  
   21   12.7  0.0  6.5  chr19:4831604-4832104        451   500    (0) + (TTTA)n    Simple_repeat          1     46    (0)  20  
   14   16.3  4.7  2.3  chr19:49678243-49678743      438   480   (20) + (GTCAGCT)n Simple_repeat          1     44    (0)  21  
  320    7.1  7.1  0.0  chr19:49897583-49898083      459   500    (0) + AluYj4     SINE/Alu               1     45  (266)  22  
   14   18.1  0.0  8.5  chr1:1064081-1064581          71   121  (379) + (CCTGG)n   Simple_repeat          1     47    (0)  23  
   12   14.1  3.0  3.0  chr20:49812382-49812882      436   468   (32) + (CCCG)n    Simple_repeat          1     33    (0)  24  
  463   20.3 20.7  0.9  chr20:58306747-58307247       65   332  (168) + MLT1H2     LTR/ERVL-MaLR        213    551   (28)  25  
  488   23.8  1.0  0.0  chr21:33382957-33383457      233   333  (167) + MER81      DNA/hAT-Blackjack      2    103   (11)  26  
  301   33.9  0.0  0.0  chr22:35629747-35630247       97   205  (295) C L2d2       LINE/L2            (398)   3066   2958  27  
   12   11.9  0.0  6.9  chr22:35629747-35630247      297   327  (173) + G-rich     Low_complexity         1     29    (0)  28  
   13    8.5  4.0  0.0  chr22:35629747-35630247      476   500    (0) + (GGAGA)n   Simple_repeat          1     26    (0)  29  
  331   35.0  4.9  2.6  chr2:28681129-28681629        32   216  (284) C MIRb       SINE/MIR            (23)    245     57  30  
 2423   17.8  4.0  1.1  chr2:55133777-55134277        20   500    (0) C MER41B     LTR/ERV1            (38)    596    105  31  
 2783   14.9  6.4  2.1  chr3:109081904-109082404       1   500    (0) + L1M3f      LINE/L1              335    855 (4473)  32  
   18   17.0  0.0  0.0  chr4:102501049-102501549     279   311  (189) + GA-rich    Low_complexity         1     33    (0)  33  
   17   25.4  2.4  5.0  chr4:102501049-102501549     407   488   (12) + (GCAGCC)n  Simple_repeat          1     80    (0)  34  
   16    0.0  0.0  0.0  chr4:7842625-7843125          62    78  (422) + (A)n       Simple_repeat          1     17    (0)  35  
  227   34.8  3.4  0.0  chr5:134554642-134555142     230   318  (182) C MIRb       SINE/MIR            (45)    223    132  36  
  400   27.4  1.6  0.8  chr5:151093454-151093954     368   492    (8) C MIR3       SINE/MIR            (19)    189     64  37  
   14   18.5  7.0  0.0  chr6:12013064-12013564        10    52  (448) + GA-rich    Low_complexity         1     46    (0)  38  
   12    8.9  4.2  0.0  chr6:12013064-12013564        73    96  (404) + (CCT)n     Simple_repeat          1     25    (0)  39  
  201   26.8  3.6  0.0  chr6:3209385-3209885         405   460   (40) C MIR        SINE/MIR             (1)    261    204  40  
  183   29.4  6.1  4.0  chr6:44735520-44736020       164   262  (238) C MIR1_Amn   SINE/MIR            (77)    153     53  41  
  362   31.6  9.6  5.4  chr7:106424923-106425423     120   370  (130) + LTR90B     LTR                  536    796    (0)  42  
   12   10.7  6.7  0.0  chr7:155815285-155815785       7    36  (464) + (CCCACC)n  Simple_repeat          1     32    (0)  43  
  185   19.3  6.6  6.6  chr7:26156230-26156730         1    61  (439) + MIR        SINE/MIR             202    262    (0)  44  
  452   14.8  0.0  2.5  chr7:44735395-44735895         1    81  (419) + FLAM_C     SINE/Alu              49    127   (16)  45  
 2228   14.9  6.5  1.8  chr7:44735395-44735895        83   500    (0) + L1M4       LINE/L1             5311   5747  (431)  46  
   20   27.2  3.2  3.2  chr8:23074570-23075070       341   433   (67) + (CTCT)n    Simple_repeat          1     93    (0)  47 *
   21   19.8  0.0  0.0  chr8:23074570-23075070       393   441   (59) + (CT)n      Simple_repeat          1     49    (0)  48  
  252   27.1  2.5 11.6  chr9:131729338-131729838     339   497    (3) + MIRb       SINE/MIR              95    240   (28)  49  
