   SW   perc perc perc  query                         position in query    matching repeat              position in repeat
score   div. del. ins.  sequence                      begin end   (left)   repeat   class/family      begin  end    (left)  ID

   16    5.2  0.0  0.0  chr10:102394300-102395450       799   818  (332) + (G)n     Simple_repeat          1     20    (0)   1  
   16    5.2  0.0  0.0  chr10:102394300-102395450_1     799   818  (332) + (G)n     Simple_repeat          1     20    (0)   2  
   17   13.1  0.0  0.0  chr11:33383100-33383350         161   186   (64) + (T)n     Simple_repeat          1     26    (0)   3  
   15    4.3  4.2  0.0  chr11:96156250-96156450          24    47  (153) + (CCT)n   Simple_repeat          1     25    (0)   4  
   15    4.3  4.2  0.0  chr11:96156250-96156450_1        24    47  (153) + (CCT)n   Simple_repeat          1     25    (0)   5  
   15    4.3  4.2  0.0  chr11:96156250-96156450_10       24    47  (153) + (CCT)n   Simple_repeat          1     25    (0)   6  
   15    4.3  4.2  0.0  chr11:96156250-96156450_11       24    47  (153) + (CCT)n   Simple_repeat          1     25    (0)   7  
   15    4.3  4.2  0.0  chr11:96156250-96156450_12       24    47  (153) + (CCT)n   Simple_repeat          1     25    (0)   8  
   15    4.3  4.2  0.0  chr11:96156250-96156450_13       24    47  (153) + (CCT)n   Simple_repeat          1     25    (0)   9  
   15    4.3  4.2  0.0  chr11:96156250-96156450_2        24    47  (153) + (CCT)n   Simple_repeat          1     25    (0)  10  
   15    4.3  4.2  0.0  chr11:96156250-96156450_3        24    47  (153) + (CCT)n   Simple_repeat          1     25    (0)  11  
   15    4.3  4.2  0.0  chr11:96156250-96156450_4        24    47  (153) + (CCT)n   Simple_repeat          1     25    (0)  12  
   15    4.3  4.2  0.0  chr11:96156250-96156450_5        24    47  (153) + (CCT)n   Simple_repeat          1     25    (0)  13  
   15    4.3  4.2  0.0  chr11:96156250-96156450_6        24    47  (153) + (CCT)n   Simple_repeat          1     25    (0)  14  
   15    4.3  4.2  0.0  chr11:96156250-96156450_7        24    47  (153) + (CCT)n   Simple_repeat          1     25    (0)  15  
   15    4.3  4.2  0.0  chr11:96156250-96156450_8        24    47  (153) + (CCT)n   Simple_repeat          1     25    (0)  16  
   15    4.3  4.2  0.0  chr11:96156250-96156450_9        24    47  (153) + (CCT)n   Simple_repeat          1     25    (0)  17  
   20    3.8  3.7  0.0  chr12:104671750-104671950         1    27  (173) + (TC)n    Simple_repeat          1     28    (0)  18  
   20    3.8  3.7  0.0  chr12:104671750-104671950_1       1    27  (173) + (TC)n    Simple_repeat          1     28    (0)  19  
   20    3.8  3.7  0.0  chr12:104671750-104671950_10      1    27  (173) + (TC)n    Simple_repeat          1     28    (0)  20  
   20    3.8  3.7  0.0  chr12:104671750-104671950_11      1    27  (173) + (TC)n    Simple_repeat          1     28    (0)  21  
   20    3.8  3.7  0.0  chr12:104671750-104671950_12      1    27  (173) + (TC)n    Simple_repeat          1     28    (0)  22  
   20    3.8  3.7  0.0  chr12:104671750-104671950_13      1    27  (173) + (TC)n    Simple_repeat          1     28    (0)  23  
   20    3.8  3.7  0.0  chr12:104671750-104671950_2       1    27  (173) + (TC)n    Simple_repeat          1     28    (0)  24  
   20    3.8  3.7  0.0  chr12:104671750-104671950_3       1    27  (173) + (TC)n    Simple_repeat          1     28    (0)  25  
   20    3.8  3.7  0.0  chr12:104671750-104671950_4       1    27  (173) + (TC)n    Simple_repeat          1     28    (0)  26  
   20    3.8  3.7  0.0  chr12:104671750-104671950_5       1    27  (173) + (TC)n    Simple_repeat          1     28    (0)  27  
   20    3.8  3.7  0.0  chr12:104671750-104671950_6       1    27  (173) + (TC)n    Simple_repeat          1     28    (0)  28  
   20    3.8  3.7  0.0  chr12:104671750-104671950_7       1    27  (173) + (TC)n    Simple_repeat          1     28    (0)  29  
   20    3.8  3.7  0.0  chr12:104671750-104671950_8       1    27  (173) + (TC)n    Simple_repeat          1     28    (0)  30  
   20    3.8  3.7  0.0  chr12:104671750-104671950_9       1    27  (173) + (TC)n    Simple_repeat          1     28    (0)  31  
  231   21.3  3.3  0.0  chr12:111404600-111404800       140   200    (0) C MIRb     SINE/MIR            (22)    246    184  32  
  231   21.3  3.3  0.0  chr12:111404600-111404800_1     140   200    (0) C MIRb     SINE/MIR            (22)    246    184  33  
  231   21.3  3.3  0.0  chr12:111404600-111404800_10    140   200    (0) C MIRb     SINE/MIR            (22)    246    184  34  
  231   21.3  3.3  0.0  chr12:111404600-111404800_11    140   200    (0) C MIRb     SINE/MIR            (22)    246    184  35  
  231   21.3  3.3  0.0  chr12:111404600-111404800_12    140   200    (0) C MIRb     SINE/MIR            (22)    246    184  36  
  231   21.3  3.3  0.0  chr12:111404600-111404800_13    140   200    (0) C MIRb     SINE/MIR            (22)    246    184  37  
  231   21.3  3.3  0.0  chr12:111404600-111404800_2     140   200    (0) C MIRb     SINE/MIR            (22)    246    184  38  
  231   21.3  3.3  0.0  chr12:111404600-111404800_3     140   200    (0) C MIRb     SINE/MIR            (22)    246    184  39  
  231   21.3  3.3  0.0  chr12:111404600-111404800_4     140   200    (0) C MIRb     SINE/MIR            (22)    246    184  40  
  231   21.3  3.3  0.0  chr12:111404600-111404800_5     140   200    (0) C MIRb     SINE/MIR            (22)    246    184  41  
  231   21.3  3.3  0.0  chr12:111404600-111404800_6     140   200    (0) C MIRb     SINE/MIR            (22)    246    184  42  
  231   21.3  3.3  0.0  chr12:111404600-111404800_7     140   200    (0) C MIRb     SINE/MIR            (22)    246    184  43  
  231   21.3  3.3  0.0  chr12:111404600-111404800_8     140   200    (0) C MIRb     SINE/MIR            (22)    246    184  44  
  231   21.3  3.3  0.0  chr12:111404600-111404800_9     140   200    (0) C MIRb     SINE/MIR            (22)    246    184  45  
   38   31.3  0.0  0.0  chr12:119397750-119397900        29   145    (5) + G-rich   Low_complexity         1    117    (0)  46  
  610   17.7  1.0  0.0  chr12:89960300-89960450          54   149    (1) + MER81    DNA/hAT-Blackjack      3     99   (15)  47  
  610   17.7  1.0  0.0  chr12:89960300-89960450_1        54   149    (1) + MER81    DNA/hAT-Blackjack      3     99   (15)  48  
  610   17.7  1.0  0.0  chr12:89960300-89960450_10       54   149    (1) + MER81    DNA/hAT-Blackjack      3     99   (15)  49  
  610   17.7  1.0  0.0  chr12:89960300-89960450_11       54   149    (1) + MER81    DNA/hAT-Blackjack      3     99   (15)  50  
  610   17.7  1.0  0.0  chr12:89960300-89960450_12       54   149    (1) + MER81    DNA/hAT-Blackjack      3     99   (15)  51  
  610   17.7  1.0  0.0  chr12:89960300-89960450_13       54   149    (1) + MER81    DNA/hAT-Blackjack      3     99   (15)  52  
  610   17.7  1.0  0.0  chr12:89960300-89960450_2        54   149    (1) + MER81    DNA/hAT-Blackjack      3     99   (15)  53  
  610   17.7  1.0  0.0  chr12:89960300-89960450_3        54   149    (1) + MER81    DNA/hAT-Blackjack      3     99   (15)  54  
  610   17.7  1.0  0.0  chr12:89960300-89960450_4        54   149    (1) + MER81    DNA/hAT-Blackjack      3     99   (15)  55  
  610   17.7  1.0  0.0  chr12:89960300-89960450_5        54   149    (1) + MER81    DNA/hAT-Blackjack      3     99   (15)  56  
  610   17.7  1.0  0.0  chr12:89960300-89960450_6        54   149    (1) + MER81    DNA/hAT-Blackjack      3     99   (15)  57  
  610   17.7  1.0  0.0  chr12:89960300-89960450_7        54   149    (1) + MER81    DNA/hAT-Blackjack      3     99   (15)  58  
  610   17.7  1.0  0.0  chr12:89960300-89960450_8        54   149    (1) + MER81    DNA/hAT-Blackjack      3     99   (15)  59  
  610   17.7  1.0  0.0  chr12:89960300-89960450_9        54   149    (1) + MER81    DNA/hAT-Blackjack      3     99   (15)  60  
  321   20.3  0.0  0.0  chr13:44569300-44569400          26    99    (1) + HAL1     LINE/L1             2310   2383  (124)  61  
  332    6.1  0.0  0.0  chr15:35404850-35404900           2    50    (0) C L1M1     LINE/L1           (1120)   5026   4978  62  
   16   24.0  3.9  1.9  chr17:7842600-7842800           109   159   (41) + (GT)n    Simple_repeat          1     52    (0)  63  
   16   24.0  3.9  1.9  chr17:7842600-7842800_1         109   159   (41) + (GT)n    Simple_repeat          1     52    (0)  64  
   16   24.0  3.9  1.9  chr17:7842600-7842800_10        109   159   (41) + (GT)n    Simple_repeat          1     52    (0)  65  
   16   24.0  3.9  1.9  chr17:7842600-7842800_11        109   159   (41) + (GT)n    Simple_repeat          1     52    (0)  66  
   16   24.0  3.9  1.9  chr17:7842600-7842800_12        109   159   (41) + (GT)n    Simple_repeat          1     52    (0)  67  
   16   24.0  3.9  1.9  chr17:7842600-7842800_13        109   159   (41) + (GT)n    Simple_repeat          1     52    (0)  68  
   16   24.0  3.9  1.9  chr17:7842600-7842800_2         109   159   (41) + (GT)n    Simple_repeat          1     52    (0)  69  
   16   24.0  3.9  1.9  chr17:7842600-7842800_3         109   159   (41) + (GT)n    Simple_repeat          1     52    (0)  70  
   16   24.0  3.9  1.9  chr17:7842600-7842800_4         109   159   (41) + (GT)n    Simple_repeat          1     52    (0)  71  
   16   24.0  3.9  1.9  chr17:7842600-7842800_5         109   159   (41) + (GT)n    Simple_repeat          1     52    (0)  72  
   16   24.0  3.9  1.9  chr17:7842600-7842800_6         109   159   (41) + (GT)n    Simple_repeat          1     52    (0)  73  
   16   24.0  3.9  1.9  chr17:7842600-7842800_7         109   159   (41) + (GT)n    Simple_repeat          1     52    (0)  74  
   16   24.0  3.9  1.9  chr17:7842600-7842800_8         109   159   (41) + (GT)n    Simple_repeat          1     52    (0)  75  
   16   24.0  3.9  1.9  chr17:7842600-7842800_9         109   159   (41) + (GT)n    Simple_repeat          1     52    (0)  76  
  313   18.8 15.1  1.0  chr20:58306900-58307050          64   149    (1) + MLT1H2   LTR/ERVL-MaLR        348    445   (44)  77  
  313   18.8 15.1  1.0  chr20:58306900-58307050_1        64   149    (1) + MLT1H2   LTR/ERVL-MaLR        348    445   (44)  78  
  313   18.8 15.1  1.0  chr20:58306900-58307050_10       64   149    (1) + MLT1H2   LTR/ERVL-MaLR        348    445   (44)  79  
  313   18.8 15.1  1.0  chr20:58306900-58307050_11       64   149    (1) + MLT1H2   LTR/ERVL-MaLR        348    445   (44)  80  
  313   18.8 15.1  1.0  chr20:58306900-58307050_12       64   149    (1) + MLT1H2   LTR/ERVL-MaLR        348    445   (44)  81  
  313   18.8 15.1  1.0  chr20:58306900-58307050_13       64   149    (1) + MLT1H2   LTR/ERVL-MaLR        348    445   (44)  82  
  313   18.8 15.1  1.0  chr20:58306900-58307050_2        64   149    (1) + MLT1H2   LTR/ERVL-MaLR        348    445   (44)  83  
  313   18.8 15.1  1.0  chr20:58306900-58307050_3        64   149    (1) + MLT1H2   LTR/ERVL-MaLR        348    445   (44)  84  
  313   18.8 15.1  1.0  chr20:58306900-58307050_4        64   149    (1) + MLT1H2   LTR/ERVL-MaLR        348    445   (44)  85  
  313   18.8 15.1  1.0  chr20:58306900-58307050_5        64   149    (1) + MLT1H2   LTR/ERVL-MaLR        348    445   (44)  86  
  313   18.8 15.1  1.0  chr20:58306900-58307050_6        64   149    (1) + MLT1H2   LTR/ERVL-MaLR        348    445   (44)  87  
  313   18.8 15.1  1.0  chr20:58306900-58307050_7        64   149    (1) + MLT1H2   LTR/ERVL-MaLR        348    445   (44)  88  
  313   18.8 15.1  1.0  chr20:58306900-58307050_8        64   149    (1) + MLT1H2   LTR/ERVL-MaLR        348    445   (44)  89  
  313   18.8 15.1  1.0  chr20:58306900-58307050_9        64   149    (1) + MLT1H2   LTR/ERVL-MaLR        348    445   (44)  90  
  488   23.8  1.0  0.0  chr21:33383100-33383350          90   190   (60) + MER81    DNA/hAT-Blackjack      2    103   (11)  91  
  488   23.8  1.0  0.0  chr21:33383100-33383350_1        90   190   (60) + MER81    DNA/hAT-Blackjack      2    103   (11)  92  
  488   23.8  1.0  0.0  chr21:33383100-33383350_10       90   190   (60) + MER81    DNA/hAT-Blackjack      2    103   (11)  93  
  488   23.8  1.0  0.0  chr21:33383100-33383350_11       90   190   (60) + MER81    DNA/hAT-Blackjack      2    103   (11)  94  
  488   23.8  1.0  0.0  chr21:33383100-33383350_12       90   190   (60) + MER81    DNA/hAT-Blackjack      2    103   (11)  95  
  488   23.8  1.0  0.0  chr21:33383100-33383350_13       90   190   (60) + MER81    DNA/hAT-Blackjack      2    103   (11)  96  
  488   23.8  1.0  0.0  chr21:33383100-33383350_2        90   190   (60) + MER81    DNA/hAT-Blackjack      2    103   (11)  97  
  488   23.8  1.0  0.0  chr21:33383100-33383350_3        90   190   (60) + MER81    DNA/hAT-Blackjack      2    103   (11)  98  
  488   23.8  1.0  0.0  chr21:33383100-33383350_4        90   190   (60) + MER81    DNA/hAT-Blackjack      2    103   (11)  99  
  488   23.8  1.0  0.0  chr21:33383100-33383350_5        90   190   (60) + MER81    DNA/hAT-Blackjack      2    103   (11) 100  
  488   23.8  1.0  0.0  chr21:33383100-33383350_6        90   190   (60) + MER81    DNA/hAT-Blackjack      2    103   (11) 101  
  488   23.8  1.0  0.0  chr21:33383100-33383350_7        90   190   (60) + MER81    DNA/hAT-Blackjack      2    103   (11) 102  
  488   23.8  1.0  0.0  chr21:33383100-33383350_8        90   190   (60) + MER81    DNA/hAT-Blackjack      2    103   (11) 103  
  488   23.8  1.0  0.0  chr21:33383100-33383350_9        90   190   (60) + MER81    DNA/hAT-Blackjack      2    103   (11) 104  
   32   16.4  0.0  0.0  chr2:44753400-44753600            2    56  (144) + A-rich   Low_complexity         1     55    (0) 105  
 1269   13.6  0.5  0.5  chr2:55133950-55134150            1   200    (0) C MER41B   LTR/ERV1           (165)    469    270 106  
 1269   13.6  0.5  0.5  chr2:55133950-55134150_1          1   200    (0) C MER41B   LTR/ERV1           (165)    469    270 107  
 1269   13.6  0.5  0.5  chr2:55133950-55134150_10         1   200    (0) C MER41B   LTR/ERV1           (165)    469    270 108  
 1269   13.6  0.5  0.5  chr2:55133950-55134150_11         1   200    (0) C MER41B   LTR/ERV1           (165)    469    270 109  
 1269   13.6  0.5  0.5  chr2:55133950-55134150_12         1   200    (0) C MER41B   LTR/ERV1           (165)    469    270 110  
 1269   13.6  0.5  0.5  chr2:55133950-55134150_13         1   200    (0) C MER41B   LTR/ERV1           (165)    469    270 111  
 1269   13.6  0.5  0.5  chr2:55133950-55134150_2          1   200    (0) C MER41B   LTR/ERV1           (165)    469    270 112  
 1269   13.6  0.5  0.5  chr2:55133950-55134150_3          1   200    (0) C MER41B   LTR/ERV1           (165)    469    270 113  
 1269   13.6  0.5  0.5  chr2:55133950-55134150_4          1   200    (0) C MER41B   LTR/ERV1           (165)    469    270 114  
 1269   13.6  0.5  0.5  chr2:55133950-55134150_5          1   200    (0) C MER41B   LTR/ERV1           (165)    469    270 115  
 1269   13.6  0.5  0.5  chr2:55133950-55134150_6          1   200    (0) C MER41B   LTR/ERV1           (165)    469    270 116  
 1269   13.6  0.5  0.5  chr2:55133950-55134150_7          1   200    (0) C MER41B   LTR/ERV1           (165)    469    270 117  
 1269   13.6  0.5  0.5  chr2:55133950-55134150_8          1   200    (0) C MER41B   LTR/ERV1           (165)    469    270 118  
 1269   13.6  0.5  0.5  chr2:55133950-55134150_9          1   200    (0) C MER41B   LTR/ERV1           (165)    469    270 119  
 1179   15.1  6.5  0.5  chr3:109082000-109082200          1   200    (0) + L1M3f    LINE/L1              449    660 (4668) 120  
 1179   15.1  6.5  0.5  chr3:109082000-109082200_1        1   200    (0) + L1M3f    LINE/L1              449    660 (4668) 121  
 1179   15.1  6.5  0.5  chr3:109082000-109082200_10       1   200    (0) + L1M3f    LINE/L1              449    660 (4668) 122  
 1179   15.1  6.5  0.5  chr3:109082000-109082200_11       1   200    (0) + L1M3f    LINE/L1              449    660 (4668) 123  
 1179   15.1  6.5  0.5  chr3:109082000-109082200_12       1   200    (0) + L1M3f    LINE/L1              449    660 (4668) 124  
 1179   15.1  6.5  0.5  chr3:109082000-109082200_13       1   200    (0) + L1M3f    LINE/L1              449    660 (4668) 125  
 1179   15.1  6.5  0.5  chr3:109082000-109082200_2        1   200    (0) + L1M3f    LINE/L1              449    660 (4668) 126  
 1179   15.1  6.5  0.5  chr3:109082000-109082200_3        1   200    (0) + L1M3f    LINE/L1              449    660 (4668) 127  
 1179   15.1  6.5  0.5  chr3:109082000-109082200_4        1   200    (0) + L1M3f    LINE/L1              449    660 (4668) 128  
 1179   15.1  6.5  0.5  chr3:109082000-109082200_5        1   200    (0) + L1M3f    LINE/L1              449    660 (4668) 129  
 1179   15.1  6.5  0.5  chr3:109082000-109082200_6        1   200    (0) + L1M3f    LINE/L1              449    660 (4668) 130  
 1179   15.1  6.5  0.5  chr3:109082000-109082200_7        1   200    (0) + L1M3f    LINE/L1              449    660 (4668) 131  
 1179   15.1  6.5  0.5  chr3:109082000-109082200_8        1   200    (0) + L1M3f    LINE/L1              449    660 (4668) 132  
 1179   15.1  6.5  0.5  chr3:109082000-109082200_9        1   200    (0) + L1M3f    LINE/L1              449    660 (4668) 133  
   18   17.0  0.0  0.0  chr4:102501200-102501450        128   160   (90) + GA-rich  Low_complexity         1     33    (0) 134  
   18   17.0  0.0  0.0  chr4:102501200-102501450_1      128   160   (90) + GA-rich  Low_complexity         1     33    (0) 135  
   18   17.0  0.0  0.0  chr4:102501200-102501450_10     128   160   (90) + GA-rich  Low_complexity         1     33    (0) 136  
   18   17.0  0.0  0.0  chr4:102501200-102501450_11     128   160   (90) + GA-rich  Low_complexity         1     33    (0) 137  
   18   17.0  0.0  0.0  chr4:102501200-102501450_12     128   160   (90) + GA-rich  Low_complexity         1     33    (0) 138  
   18   17.0  0.0  0.0  chr4:102501200-102501450_13     128   160   (90) + GA-rich  Low_complexity         1     33    (0) 139  
   18   17.0  0.0  0.0  chr4:102501200-102501450_2      128   160   (90) + GA-rich  Low_complexity         1     33    (0) 140  
   18   17.0  0.0  0.0  chr4:102501200-102501450_3      128   160   (90) + GA-rich  Low_complexity         1     33    (0) 141  
   18   17.0  0.0  0.0  chr4:102501200-102501450_4      128   160   (90) + GA-rich  Low_complexity         1     33    (0) 142  
   18   17.0  0.0  0.0  chr4:102501200-102501450_5      128   160   (90) + GA-rich  Low_complexity         1     33    (0) 143  
   18   17.0  0.0  0.0  chr4:102501200-102501450_6      128   160   (90) + GA-rich  Low_complexity         1     33    (0) 144  
   18   17.0  0.0  0.0  chr4:102501200-102501450_7      128   160   (90) + GA-rich  Low_complexity         1     33    (0) 145  
   18   17.0  0.0  0.0  chr4:102501200-102501450_8      128   160   (90) + GA-rich  Low_complexity         1     33    (0) 146  
   18   17.0  0.0  0.0  chr4:102501200-102501450_9      128   160   (90) + GA-rich  Low_complexity         1     33    (0) 147  
  767    9.0  0.0  0.0  chr4:104930800-104930900          1   100    (0) + L1P3     LINE/L1              547    646 (5815) 148  
   16    0.0  0.0  0.0  chr4:7842600-7842800             87   103   (97) + (A)n     Simple_repeat          1     17    (0) 149  
   16    0.0  0.0  0.0  chr4:7842600-7842800_1           87   103   (97) + (A)n     Simple_repeat          1     17    (0) 150  
   16    0.0  0.0  0.0  chr4:7842650-7842800             37    53   (97) + (A)n     Simple_repeat          1     17    (0) 151  
   16    0.0  0.0  0.0  chr4:7842650-7842800_1           37    53   (97) + (A)n     Simple_repeat          1     17    (0) 152  
  227   34.8  3.4  0.0  chr5:134554850-134555050         22   110   (90) C MIRb     SINE/MIR            (45)    223    132 153  
  227   34.8  3.4  0.0  chr5:134554850-134555050_1       22   110   (90) C MIRb     SINE/MIR            (45)    223    132 154  
  227   34.8  3.4  0.0  chr5:134554850-134555050_10      22   110   (90) C MIRb     SINE/MIR            (45)    223    132 155  
  227   34.8  3.4  0.0  chr5:134554850-134555050_11      22   110   (90) C MIRb     SINE/MIR            (45)    223    132 156  
  227   34.8  3.4  0.0  chr5:134554850-134555050_12      22   110   (90) C MIRb     SINE/MIR            (45)    223    132 157  
  227   34.8  3.4  0.0  chr5:134554850-134555050_13      22   110   (90) C MIRb     SINE/MIR            (45)    223    132 158  
  227   34.8  3.4  0.0  chr5:134554850-134555050_2       22   110   (90) C MIRb     SINE/MIR            (45)    223    132 159  
  227   34.8  3.4  0.0  chr5:134554850-134555050_3       22   110   (90) C MIRb     SINE/MIR            (45)    223    132 160  
  227   34.8  3.4  0.0  chr5:134554850-134555050_4       22   110   (90) C MIRb     SINE/MIR            (45)    223    132 161  
  227   34.8  3.4  0.0  chr5:134554850-134555050_5       22   110   (90) C MIRb     SINE/MIR            (45)    223    132 162  
  227   34.8  3.4  0.0  chr5:134554850-134555050_6       22   110   (90) C MIRb     SINE/MIR            (45)    223    132 163  
  227   34.8  3.4  0.0  chr5:134554850-134555050_7       22   110   (90) C MIRb     SINE/MIR            (45)    223    132 164  
  227   34.8  3.4  0.0  chr5:134554850-134555050_8       22   110   (90) C MIRb     SINE/MIR            (45)    223    132 165  
  227   34.8  3.4  0.0  chr5:134554850-134555050_9       22   110   (90) C MIRb     SINE/MIR            (45)    223    132 166  
 1202   12.9  0.0 12.3  chr6:4229150-4229400              1   250    (0) + L1P3     LINE/L1              502    753 (5730) 167  
  198   29.5  0.0  1.6  chr6:44735650-44735750           34    95    (5) C MIR1_Amn SINE/MIR            (77)    153     93 168  
  198   29.5  0.0  1.6  chr6:44735650-44735750_1         34    95    (5) C MIR1_Amn SINE/MIR            (77)    153     93 169  
  198   29.5  0.0  1.6  chr6:44735650-44735750_10        34    95    (5) C MIR1_Amn SINE/MIR            (77)    153     93 170  
  198   29.5  0.0  1.6  chr6:44735650-44735750_11        34    95    (5) C MIR1_Amn SINE/MIR            (77)    153     93 171  
  198   29.5  0.0  1.6  chr6:44735650-44735750_12        34    95    (5) C MIR1_Amn SINE/MIR            (77)    153     93 172  
  198   29.5  0.0  1.6  chr6:44735650-44735750_2         34    95    (5) C MIR1_Amn SINE/MIR            (77)    153     93 173  
  198   29.5  0.0  1.6  chr6:44735650-44735750_3         34    95    (5) C MIR1_Amn SINE/MIR            (77)    153     93 174  
  198   29.5  0.0  1.6  chr6:44735650-44735750_4         34    95    (5) C MIR1_Amn SINE/MIR            (77)    153     93 175  
  198   29.5  0.0  1.6  chr6:44735650-44735750_5         34    95    (5) C MIR1_Amn SINE/MIR            (77)    153     93 176  
  198   29.5  0.0  1.6  chr6:44735650-44735750_6         34    95    (5) C MIR1_Amn SINE/MIR            (77)    153     93 177  
  198   29.5  0.0  1.6  chr6:44735650-44735750_7         34    95    (5) C MIR1_Amn SINE/MIR            (77)    153     93 178  
  198   29.5  0.0  1.6  chr6:44735650-44735750_8         34    95    (5) C MIR1_Amn SINE/MIR            (77)    153     93 179  
  198   29.5  0.0  1.6  chr6:44735650-44735750_9         34    95    (5) C MIR1_Amn SINE/MIR            (77)    153     93 180  
  633   18.1  2.7 17.7  chr7:137873500-137873700         10   197    (3) C MER74A   LTR/ERVL             (2)    556    393 181  
  451   18.7  5.5  0.0  chr7:137873550-137873700         57   147    (3) C MER74A   LTR/ERVL            (70)    488    393 182  
  551   14.7  0.0  9.0  chr7:44735650-44735750            1    97    (3) + L1M4     LINE/L1             5507   5595  (583) 183  
  551   14.7  0.0  9.0  chr7:44735650-44735750_1          1    97    (3) + L1M4     LINE/L1             5507   5595  (583) 184  
  551   14.7  0.0  9.0  chr7:44735650-44735750_2          1    97    (3) + L1M4     LINE/L1             5507   5595  (583) 185  
  551   14.7  0.0  9.0  chr7:44735650-44735750_3          1    97    (3) + L1M4     LINE/L1             5507   5595  (583) 186  
  551   14.7  0.0  9.0  chr7:44735650-44735750_4          1    97    (3) + L1M4     LINE/L1             5507   5595  (583) 187  
  551   14.7  0.0  9.0  chr7:44735650-44735750_5          1    97    (3) + L1M4     LINE/L1             5507   5595  (583) 188  
  346   21.1  0.0  0.0  chr8:93959450-93959600           11    67   (83) C MLT1J    LTR/ERVL-MaLR      (218)    294    238 189  
  466   14.7  0.0  0.0  chr8:93959450-93959600           76   150    (0) + LTR37B   LTR/ERV1               7     81  (387) 190  
