INFO [2017-04-20 14:50:08] [[1]]
INFO [2017-04-20 14:50:08] bins_plot
INFO [2017-04-20 14:50:08] 
INFO [2017-04-20 14:50:08] [[2]]
INFO [2017-04-20 14:50:08] NULL
INFO [2017-04-20 14:50:08] 
INFO [2017-04-20 14:50:08] $col
INFO [2017-04-20 14:50:08] [1] "transparent"
INFO [2017-04-20 14:50:08] 
INFO [2017-04-20 14:50:08] $fill
INFO [2017-04-20 14:50:08] c("cornflowerblue", "green", "yellow", "darkorchid1")
INFO [2017-04-20 14:50:08] 
INFO [2017-04-20 14:50:08] $alpha
INFO [2017-04-20 14:50:08] [1] 0.5
INFO [2017-04-20 14:50:08] 
INFO [2017-04-20 14:50:08] $label.col
INFO [2017-04-20 14:50:08] c("orange", "white", "darkorchid4", "white", "white", "white", 
INFO [2017-04-20 14:50:08]     "white", "white", "darkblue", "white", "white", "white", 
INFO [2017-04-20 14:50:08]     "white", "darkgreen", "white")
INFO [2017-04-20 14:50:08] 
INFO [2017-04-20 14:50:08] $cex
INFO [2017-04-20 14:50:08] [1] 1.5
INFO [2017-04-20 14:50:08] 
INFO [2017-04-20 14:50:08] $fontfamily
INFO [2017-04-20 14:50:08] [1] "serif"
INFO [2017-04-20 14:50:08] 
INFO [2017-04-20 14:50:08] $fontface
INFO [2017-04-20 14:50:08] [1] "bold"
INFO [2017-04-20 14:50:08] 
INFO [2017-04-20 14:50:08] $cat.col
INFO [2017-04-20 14:50:08] c("darkblue", "darkgreen", "orange", "darkorchid4")
INFO [2017-04-20 14:50:08] 
INFO [2017-04-20 14:50:08] $cat.cex
INFO [2017-04-20 14:50:08] [1] 1.5
INFO [2017-04-20 14:50:08] 
INFO [2017-04-20 14:50:08] $cat.pos
INFO [2017-04-20 14:50:08] [1] 0
INFO [2017-04-20 14:50:08] 
INFO [2017-04-20 14:50:08] $cat.dist
INFO [2017-04-20 14:50:08] [1] 0.07
INFO [2017-04-20 14:50:08] 
INFO [2017-04-20 14:50:08] $cat.fontfamily
INFO [2017-04-20 14:50:08] [1] "serif"
INFO [2017-04-20 14:50:08] 
INFO [2017-04-20 14:50:08] $rotation.degree
INFO [2017-04-20 14:50:08] [1] 270
INFO [2017-04-20 14:50:08] 
INFO [2017-04-20 14:50:08] $margin
INFO [2017-04-20 14:50:08] [1] 0.2
INFO [2017-04-20 14:50:08] 
INFO [2017-04-20 14:50:08] $category.names
INFO [2017-04-20 14:50:08] c("A549", "HUVEC", "IMR90", "SGBS")
INFO [2017-04-20 14:50:08] 
INFO [2017-04-20 14:50:08] $main
INFO [2017-04-20 14:50:08] [1] "Пересечение пиков"
INFO [2017-04-20 14:50:08] 
