INFO [2017-05-15 22:12:08] [[1]]
INFO [2017-05-15 22:12:08] bins_plot
INFO [2017-05-15 22:12:08] 
INFO [2017-05-15 22:12:08] [[2]]
INFO [2017-05-15 22:12:08] NULL
INFO [2017-05-15 22:12:08] 
INFO [2017-05-15 22:12:08] $col
INFO [2017-05-15 22:12:08] [1] "transparent"
INFO [2017-05-15 22:12:08] 
INFO [2017-05-15 22:12:08] $fill
INFO [2017-05-15 22:12:08] c("cornflowerblue", "green", "yellow", "darkorchid1")
INFO [2017-05-15 22:12:08] 
INFO [2017-05-15 22:12:08] $alpha
INFO [2017-05-15 22:12:08] [1] 0.5
INFO [2017-05-15 22:12:08] 
INFO [2017-05-15 22:12:08] $cex
INFO [2017-05-15 22:12:08] [1] 1.5
INFO [2017-05-15 22:12:08] 
INFO [2017-05-15 22:12:08] $print.mode
INFO [2017-05-15 22:12:08] [1] "raw"
INFO [2017-05-15 22:12:08] 
INFO [2017-05-15 22:12:08] $cat.col
INFO [2017-05-15 22:12:08] c("darkblue", "darkgreen", "orange", "darkorchid4")
INFO [2017-05-15 22:12:08] 
INFO [2017-05-15 22:12:08] $category.names
INFO [2017-05-15 22:12:08] c("A549", "HUVEC", "IMR90", "SGBS")
INFO [2017-05-15 22:12:08] 
INFO [2017-05-15 22:12:08] $main
INFO [2017-05-15 22:12:08] [1] "Пересечение пиков"
INFO [2017-05-15 22:12:08] 
