INFO [2017-04-20 10:45:50] [[1]]
INFO [2017-04-20 10:45:50] bins_plot
INFO [2017-04-20 10:45:50] 
INFO [2017-04-20 10:45:50] [[2]]
INFO [2017-04-20 10:45:50] NULL
INFO [2017-04-20 10:45:50] 
INFO [2017-04-20 10:45:50] $col
INFO [2017-04-20 10:45:50] [1] "transparent"
INFO [2017-04-20 10:45:50] 
INFO [2017-04-20 10:45:50] $fill
INFO [2017-04-20 10:45:50] c("cornflowerblue", "green", "yellow", "darkorchid1")
INFO [2017-04-20 10:45:50] 
INFO [2017-04-20 10:45:50] $alpha
INFO [2017-04-20 10:45:50] [1] 0.5
INFO [2017-04-20 10:45:50] 
INFO [2017-04-20 10:45:50] $label.col
INFO [2017-04-20 10:45:50] c("orange", "white", "darkorchid4", "white", "white", "white", 
INFO [2017-04-20 10:45:50]     "white", "white", "darkblue", "white", "white", "white", 
INFO [2017-04-20 10:45:50]     "white", "darkgreen", "white")
INFO [2017-04-20 10:45:50] 
INFO [2017-04-20 10:45:50] $cex
INFO [2017-04-20 10:45:50] [1] 1.5
INFO [2017-04-20 10:45:50] 
INFO [2017-04-20 10:45:50] $fontfamily
INFO [2017-04-20 10:45:50] [1] "serif"
INFO [2017-04-20 10:45:50] 
INFO [2017-04-20 10:45:50] $fontface
INFO [2017-04-20 10:45:50] [1] "bold"
INFO [2017-04-20 10:45:50] 
INFO [2017-04-20 10:45:50] $cat.col
INFO [2017-04-20 10:45:50] c("darkblue", "darkgreen", "orange", "darkorchid4")
INFO [2017-04-20 10:45:50] 
INFO [2017-04-20 10:45:50] $cat.cex
INFO [2017-04-20 10:45:50] [1] 1.5
INFO [2017-04-20 10:45:50] 
INFO [2017-04-20 10:45:50] $cat.pos
INFO [2017-04-20 10:45:50] [1] 0
INFO [2017-04-20 10:45:50] 
INFO [2017-04-20 10:45:50] $cat.dist
INFO [2017-04-20 10:45:50] [1] 0.07
INFO [2017-04-20 10:45:50] 
INFO [2017-04-20 10:45:50] $cat.fontfamily
INFO [2017-04-20 10:45:50] [1] "serif"
INFO [2017-04-20 10:45:50] 
INFO [2017-04-20 10:45:50] $rotation.degree
INFO [2017-04-20 10:45:50] [1] 270
INFO [2017-04-20 10:45:50] 
INFO [2017-04-20 10:45:50] $margin
INFO [2017-04-20 10:45:50] [1] 0.2
INFO [2017-04-20 10:45:50] 
INFO [2017-04-20 10:45:50] $category.names
INFO [2017-04-20 10:45:50] c("A549", "HUVEC", "IMR90", "SGBS")
INFO [2017-04-20 10:45:50] 
INFO [2017-04-20 10:45:50] $main
INFO [2017-04-20 10:45:50] [1] "Пересечение пиков"
INFO [2017-04-20 10:45:50] 
