INFO [2017-05-15 22:12:06] [[1]]
INFO [2017-05-15 22:12:06] bins_plot
INFO [2017-05-15 22:12:06] 
INFO [2017-05-15 22:12:06] [[2]]
INFO [2017-05-15 22:12:06] NULL
INFO [2017-05-15 22:12:06] 
INFO [2017-05-15 22:12:06] $col
INFO [2017-05-15 22:12:06] [1] "transparent"
INFO [2017-05-15 22:12:06] 
INFO [2017-05-15 22:12:06] $fill
INFO [2017-05-15 22:12:06] c("cornflowerblue", "green", "yellow", "darkorchid1")
INFO [2017-05-15 22:12:06] 
INFO [2017-05-15 22:12:06] $alpha
INFO [2017-05-15 22:12:06] [1] 0.5
INFO [2017-05-15 22:12:06] 
INFO [2017-05-15 22:12:06] $cex
INFO [2017-05-15 22:12:06] [1] 1.5
INFO [2017-05-15 22:12:06] 
INFO [2017-05-15 22:12:06] $print.mode
INFO [2017-05-15 22:12:06] [1] "percent"
INFO [2017-05-15 22:12:06] 
INFO [2017-05-15 22:12:06] $cat.col
INFO [2017-05-15 22:12:06] c("darkblue", "darkgreen", "orange", "darkorchid4")
INFO [2017-05-15 22:12:06] 
INFO [2017-05-15 22:12:06] $category.names
INFO [2017-05-15 22:12:06] c("A549", "HUVEC", "IMR90", "SGBS")
INFO [2017-05-15 22:12:06] 
INFO [2017-05-15 22:12:06] $main
INFO [2017-05-15 22:12:06] [1] "Пересечение пиков"
INFO [2017-05-15 22:12:06] 
