INFO [2017-04-20 11:53:20] [[1]]
INFO [2017-04-20 11:53:20] bins_plot
INFO [2017-04-20 11:53:20] 
INFO [2017-04-20 11:53:20] [[2]]
INFO [2017-04-20 11:53:20] NULL
INFO [2017-04-20 11:53:20] 
INFO [2017-04-20 11:53:20] $col
INFO [2017-04-20 11:53:20] [1] "transparent"
INFO [2017-04-20 11:53:20] 
INFO [2017-04-20 11:53:20] $fill
INFO [2017-04-20 11:53:20] c("cornflowerblue", "green", "yellow", "darkorchid1")
INFO [2017-04-20 11:53:20] 
INFO [2017-04-20 11:53:20] $alpha
INFO [2017-04-20 11:53:20] [1] 0.5
INFO [2017-04-20 11:53:20] 
INFO [2017-04-20 11:53:20] $label.col
INFO [2017-04-20 11:53:20] c("orange", "white", "darkorchid4", "white", "white", "white", 
INFO [2017-04-20 11:53:20]     "white", "white", "darkblue", "white", "white", "white", 
INFO [2017-04-20 11:53:20]     "white", "darkgreen", "white")
INFO [2017-04-20 11:53:20] 
INFO [2017-04-20 11:53:20] $cex
INFO [2017-04-20 11:53:20] [1] 1.5
INFO [2017-04-20 11:53:20] 
INFO [2017-04-20 11:53:20] $fontfamily
INFO [2017-04-20 11:53:20] [1] "serif"
INFO [2017-04-20 11:53:20] 
INFO [2017-04-20 11:53:20] $fontface
INFO [2017-04-20 11:53:20] [1] "bold"
INFO [2017-04-20 11:53:20] 
INFO [2017-04-20 11:53:20] $cat.col
INFO [2017-04-20 11:53:20] c("darkblue", "darkgreen", "orange", "darkorchid4")
INFO [2017-04-20 11:53:20] 
INFO [2017-04-20 11:53:20] $cat.cex
INFO [2017-04-20 11:53:20] [1] 1.5
INFO [2017-04-20 11:53:20] 
INFO [2017-04-20 11:53:20] $cat.pos
INFO [2017-04-20 11:53:20] [1] 0
INFO [2017-04-20 11:53:20] 
INFO [2017-04-20 11:53:20] $cat.dist
INFO [2017-04-20 11:53:20] [1] 0.07
INFO [2017-04-20 11:53:20] 
INFO [2017-04-20 11:53:20] $cat.fontfamily
INFO [2017-04-20 11:53:20] [1] "serif"
INFO [2017-04-20 11:53:20] 
INFO [2017-04-20 11:53:20] $rotation.degree
INFO [2017-04-20 11:53:20] [1] 270
INFO [2017-04-20 11:53:20] 
INFO [2017-04-20 11:53:20] $margin
INFO [2017-04-20 11:53:20] [1] 0.2
INFO [2017-04-20 11:53:20] 
INFO [2017-04-20 11:53:20] $category.names
INFO [2017-04-20 11:53:20] c("A549", "HUVEC", "IMR90", "SGBS")
INFO [2017-04-20 11:53:20] 
INFO [2017-04-20 11:53:20] $main
INFO [2017-04-20 11:53:20] [1] "Пересечение пиков"
INFO [2017-04-20 11:53:20] 
