INFO [2017-04-20 14:53:16] [[1]]
INFO [2017-04-20 14:53:16] bins_plot
INFO [2017-04-20 14:53:16] 
INFO [2017-04-20 14:53:16] [[2]]
INFO [2017-04-20 14:53:16] NULL
INFO [2017-04-20 14:53:16] 
INFO [2017-04-20 14:53:16] $col
INFO [2017-04-20 14:53:16] [1] "transparent"
INFO [2017-04-20 14:53:16] 
INFO [2017-04-20 14:53:16] $fill
INFO [2017-04-20 14:53:16] c("cornflowerblue", "green", "yellow", "darkorchid1")
INFO [2017-04-20 14:53:16] 
INFO [2017-04-20 14:53:16] $alpha
INFO [2017-04-20 14:53:16] [1] 0.5
INFO [2017-04-20 14:53:16] 
INFO [2017-04-20 14:53:16] $label.col
INFO [2017-04-20 14:53:16] c("orange", "white", "darkorchid4", "white", "white", "white", 
INFO [2017-04-20 14:53:16]     "white", "white", "darkblue", "white", "white", "white", 
INFO [2017-04-20 14:53:16]     "white", "darkgreen", "white")
INFO [2017-04-20 14:53:16] 
INFO [2017-04-20 14:53:16] $cex
INFO [2017-04-20 14:53:16] [1] 1.5
INFO [2017-04-20 14:53:16] 
INFO [2017-04-20 14:53:16] $fontfamily
INFO [2017-04-20 14:53:16] [1] "serif"
INFO [2017-04-20 14:53:16] 
INFO [2017-04-20 14:53:16] $fontface
INFO [2017-04-20 14:53:16] [1] "bold"
INFO [2017-04-20 14:53:16] 
INFO [2017-04-20 14:53:16] $cat.col
INFO [2017-04-20 14:53:16] c("darkblue", "darkgreen", "orange", "darkorchid4")
INFO [2017-04-20 14:53:16] 
INFO [2017-04-20 14:53:16] $cat.cex
INFO [2017-04-20 14:53:16] [1] 1.5
INFO [2017-04-20 14:53:16] 
INFO [2017-04-20 14:53:16] $cat.pos
INFO [2017-04-20 14:53:16] [1] 0
INFO [2017-04-20 14:53:16] 
INFO [2017-04-20 14:53:16] $cat.dist
INFO [2017-04-20 14:53:16] [1] 0.07
INFO [2017-04-20 14:53:16] 
INFO [2017-04-20 14:53:16] $cat.fontfamily
INFO [2017-04-20 14:53:16] [1] "serif"
INFO [2017-04-20 14:53:16] 
INFO [2017-04-20 14:53:16] $rotation.degree
INFO [2017-04-20 14:53:16] [1] 270
INFO [2017-04-20 14:53:16] 
INFO [2017-04-20 14:53:16] $margin
INFO [2017-04-20 14:53:16] [1] 0.2
INFO [2017-04-20 14:53:16] 
INFO [2017-04-20 14:53:16] $category.names
INFO [2017-04-20 14:53:16] c("A549", "HUVEC", "IMR90", "SGBS")
INFO [2017-04-20 14:53:16] 
INFO [2017-04-20 14:53:16] $main
INFO [2017-04-20 14:53:16] [1] "Пересечение пиков"
INFO [2017-04-20 14:53:16] 
