Compiled on Aug 20 2017 18:23:04

ChangeLog
Version 2.2.0
20100609. PSP mode
20100527. Allow for multiple consecutive > in the header
20081128. ZOOPS mode is allow to have sequences that are shorter than span
20081115. Modified the chooseBestSite routine to use P(Y_i > 0)
20080807. Code cleanup for GIMSAN
20080625. Output of background model frequency
20080625. Out of range sequence are counted toward char 'X'
20080408. Increased span-capacity and fixed bug where span may be larger than minimum seqlen.

/home/npanyushev/gimsan_cmdline/gibbsmarkov/gibbsmarkov.out /home/npanyushev/common_bins.fa -l 25 -gibbsamp -best_clr -cput 300 -L 200 -ds -zoops 0.200000 -markov 5 -p 0.05 -em 0 

Filename: /home/npanyushev/common_bins.fa
Number of sequences: 83
Total residues: 15650
Average sequence length: 188.6
Minimum sequence length: 100
Maximum sequence length: 400
Include reverse-complement: yes
Span: 25
Random seed: 1503350381

Number of motifs to be printed: 1

Stopping criterion: CPU-time
CPU time in seconds: 300

Rapid convergence: on
Iterations plateau (-L): 200
Number of trial iterations: 5
Phase-shift frequency (-ps): 0.40

Occurrences per sequence: Bayesian ZOOPS
Bayesian ZOOPS pseudoweight: 0.20

Pseudo-weight (-p): 0.05
Sampling Technique: Gibbs Sampler

Order of Markov background (-markov): 5
Markov background model: GibbsMarkov
Background dimension: Aggregate
Background file (-bfile): /home/npanyushev/common_bins.fa
Position-specific prior file (-psp): none

Scoring scheme: CLR
EM iterations (-em): 0

Input FASTA freq of A: 0.2181
Input FASTA freq of C: 0.2819
Input FASTA freq of G: 0.2819
Input FASTA freq of T: 0.2181

Background model freq of A: 0.2181
Background model freq of C: 0.2819
Background model freq of G: 0.2819
Background model freq of T: 0.2181


All of the following scores are computed after EM (if applicable).
Log Markovian-ILR generated from sites without pseudocount: 76.28
Log Markovian-CLR generated from sites without pseudocount: 68.03
Log(CLR) normalized by number of sequences: 0.8197
Score for ranking runs: 68.03

Motif profile generated from sites:
Pos  [ 0]  [ 1]  [ 2]  [ 3]  [ 4]  [ 5]  [ 6]  [ 7]  [ 8]  [ 9]  [10]  [11]  [12]  [13]  [14]  [15]  [16]  [17]  [18]  [19]  [20]  [21]  [22]  [23]  [24] 
A    0.00  0.00  0.00  0.00  0.00  0.00  0.00  0.00  0.00  0.60  0.00  0.00  0.00  0.80  0.00  0.20  0.20  0.00  0.20  0.00  0.80  0.20  0.00  0.00  0.00 
C    0.80  0.60  0.80  0.80  0.40  0.00  0.00  0.80  0.80  0.00  0.80  0.40  0.60  0.20  0.00  0.80  0.60  1.00  0.80  0.20  0.00  0.20  0.00  1.00  0.40 
G    0.20  0.40  0.00  0.20  0.60  0.80  1.00  0.00  0.00  0.40  0.20  0.60  0.40  0.00  1.00  0.00  0.00  0.00  0.00  0.80  0.00  0.20  1.00  0.00  0.60 
T    0.00  0.00  0.20  0.00  0.00  0.20  0.00  0.20  0.20  0.00  0.00  0.00  0.00  0.00  0.00  0.00  0.20  0.00  0.00  0.00  0.20  0.40  0.00  0.00  0.00 

Flanking regions:
Pos  [-5]  [-4]  [-3]  [-2]  [-1]   ||   [25]  [26]  [27]  [28]  [29] 
A    0.20  0.20  0.40  0.20  0.20   ||   0.00  0.20  0.00  0.40  0.20 
C    0.40  0.80  0.40  0.60  0.40   ||   0.40  0.40  0.60  0.20  0.20 
G    0.20  0.00  0.20  0.20  0.00   ||   0.60  0.20  0.40  0.20  0.20 
T    0.20  0.00  0.00  0.00  0.40   ||   0.00  0.20  0.00  0.20  0.40 
X    0.00  0.00  0.00  0.00  0.00   ||   0.00  0.00  0.00  0.00  0.00 

Motif span: 25
Motif weight/width: 25
Consensus motif: CCCCGGGCCACGCAGCCCCGANGCG
Number of predicted sites: 5 (6.02%)

Sequence range is from 0 to (number of sequences - 1).
Motif sites are in range 1 to length or -1 to -length.
Sequence   0: motif site   none  (  none)
Sequence   1: motif site   none  (  none)
Sequence   2: motif site   none  (  none)
Sequence   3: motif site   none  (  none)
Sequence   4: motif site   none  (  none)
Sequence   5: motif site   none  (  none)
Sequence   6: motif site   none  (  none)
Sequence   7: motif site   none  (  none)
Sequence   8: motif site   none  (  none)
Sequence   9: motif site   none  (  none)
Sequence  10: motif site   none  (  none)
Sequence  11: motif site   none  (  none)
Sequence  12: motif site   none  (  none)
Sequence  13: motif site   none  (  none)
Sequence  14: motif site   none  (  none)
Sequence  15: motif site   none  (  none)
Sequence  16: motif site   none  (  none)
Sequence  17: motif site   none  (  none)
Sequence  18: motif site   none  (  none)
Sequence  19: motif site   none  (  none)
Sequence  20: motif site    131  (  -155)
Sequence  21: motif site   none  (  none)
Sequence  22: motif site   none  (  none)
Sequence  23: motif site   none  (  none)
Sequence  24: motif site   none  (  none)
Sequence  25: motif site   none  (  none)
Sequence  26: motif site   none  (  none)
Sequence  27: motif site   none  (  none)
Sequence  28: motif site   none  (  none)
Sequence  29: motif site     62  (   -86)
Sequence  30: motif site   none  (  none)
Sequence  31: motif site   none  (  none)
Sequence  32: motif site   none  (  none)
Sequence  33: motif site    -51  (    27)
Sequence  34: motif site   none  (  none)
Sequence  35: motif site   none  (  none)
Sequence  36: motif site   none  (  none)
Sequence  37: motif site   none  (  none)
Sequence  38: motif site   none  (  none)
Sequence  39: motif site     80  (  -104)
Sequence  40: motif site   none  (  none)
Sequence  41: motif site   none  (  none)
Sequence  42: motif site   none  (  none)
Sequence  43: motif site   none  (  none)
Sequence  44: motif site   none  (  none)
Sequence  45: motif site   none  (  none)
Sequence  46: motif site   none  (  none)
Sequence  47: motif site   none  (  none)
Sequence  48: motif site   none  (  none)
Sequence  49: motif site   none  (  none)
Sequence  50: motif site   none  (  none)
Sequence  51: motif site   none  (  none)
Sequence  52: motif site   none  (  none)
Sequence  53: motif site   none  (  none)
Sequence  54: motif site   none  (  none)
Sequence  55: motif site   none  (  none)
Sequence  56: motif site   none  (  none)
Sequence  57: motif site   none  (  none)
Sequence  58: motif site   none  (  none)
Sequence  59: motif site     90  (  -114)
Sequence  60: motif site   none  (  none)
Sequence  61: motif site   none  (  none)
Sequence  62: motif site   none  (  none)
Sequence  63: motif site   none  (  none)
Sequence  64: motif site   none  (  none)
Sequence  65: motif site   none  (  none)
Sequence  66: motif site   none  (  none)
Sequence  67: motif site   none  (  none)
Sequence  68: motif site   none  (  none)
Sequence  69: motif site   none  (  none)
Sequence  70: motif site   none  (  none)
Sequence  71: motif site   none  (  none)
Sequence  72: motif site   none  (  none)
Sequence  73: motif site   none  (  none)
Sequence  74: motif site   none  (  none)
Sequence  75: motif site   none  (  none)
Sequence  76: motif site   none  (  none)
Sequence  77: motif site   none  (  none)
Sequence  78: motif site   none  (  none)
Sequence  79: motif site   none  (  none)
Sequence  80: motif site   none  (  none)
Sequence  81: motif site   none  (  none)
Sequence  82: motif site   none  (  none)

Alignments and FASTA-headers:
 20   gcaca    131 GCCCGGGCCACGCAGCTCCGAGGCC 155    cacat  (+) Score=  13.514  >chr12:45727550-45727750
 29   tccac     62 CGTCCGGCTACGGAGACCCGTTGCC 86     gccgg  (+) Score=  16.516  >chr14:77034000-77034150
 33   cccct     51 CCCCGTGCCGGGCAGCCCCGACGCG 27     gcgct  (-) Score=  16.459  >chr17:7842600-7842800
 39   aaagt     80 CCCCGGGTCGCCCCGCACCCATGCG 104    ctctc  (+) Score=  14.868  >chr19:4831750-4831950
 59   ccgcc     90 CGCGCGGCCACCGAGCCCAGAAGCG 114    gggaa  (+) Score=  14.924  >chr3:119323150-119323300

FASTA-header of sequences with zero occurrences:
  0  >chr1:1064250-1064400
  1  >chr1:1215200-1215400
  2  >chr1:31956100-31956250
  3  >chr1:33342450-33342650
  4  >chr1:37477300-37477600
  5  >chr1:183180900-183181100
  6  >chr1:183318500-183318750
  7  >chr1:234987700-234987900
  8  >chr1:235011850-235012200
  9  >chr10:79331800-79332000
 10  >chr10:102394300-102394600
 11  >chr10:102395200-102395450
 12  >chr11:442100-442250
 13  >chr11:34234100-34234500
 14  >chr11:44569300-44569400
 15  >chr11:58577550-58577750
 16  >chr11:62004600-62004750
 17  >chr11:96156250-96156450
 18  >chr11:102317150-102317400
 19  >chr12:11746150-11746350
 21  >chr12:89960300-89960450
 22  >chr12:104671750-104671950
 23  >chr12:104930750-104930900
 24  >chr12:111404600-111404800
 25  >chr14:35156150-35156300
 26  >chr14:35404850-35404950
 27  >chr14:68795700-68795900
 28  >chr14:76961850-76962000
 30  >chr14:93959450-93959600
 31  >chr15:73988100-73988300
 32  >chr17:7687450-7687650
 34  >chr17:9389150-9389400
 35  >chr17:21287900-21288050
 36  >chr17:72422750-72423000
 37  >chr19:1183950-1184100
 38  >chr19:4229150-4229400
 40  >chr19:38899800-38900000
 41  >chr19:42121850-42122000
 42  >chr19:44753400-44753600
 43  >chr19:45642500-45642650
 44  >chr19:49678400-49678550
 45  >chr19:49897750-49898000
 46  >chr2:28681300-28681500
 47  >chr2:55133950-55134150
 48  >chr2:64204300-64204450
 49  >chr2:68467450-68467550
 50  >chr2:207529550-207529750
 51  >chr2:218896600-218896750
 52  >chr20:49812550-49812700
 53  >chr20:58306900-58307050
 54  >chr21:33383100-33383350
 55  >chr22:17781750-17781950
 56  >chr22:35630050-35630200
 57  >chr3:101827650-101827900
 58  >chr3:109082000-109082200
 60  >chr3:149225300-149225500
 61  >chr4:39044450-39044600
 62  >chr4:102501200-102501450
 63  >chr5:119397750-119397900
 64  >chr5:134554850-134555050
 65  >chr5:144189900-144190050
 66  >chr5:151094150-151094300
 67  >chr5:160467700-160467900
 68  >chr5:160468050-160468200
 69  >chr5:179819100-179819200
 70  >chr6:3209550-3209700
 71  >chr6:12013150-12013350
 72  >chr6:17705950-17706150
 73  >chr6:44735650-44735750
 74  >chr6:137873500-137873700
 75  >chr7:26156450-26156600
 76  >chr7:106425050-106425250
 77  >chr7:155815350-155815550
 78  >chr8:23074750-23074950
 79  >chr9:93134550-93134700
 80  >chr9:131729450-131729700
 81  >chr9:136882600-136882750
 82  >chr9:136902500-136902650

Average number of iterations per run: 549.34
Number of runs: 611
Preprocessing CPU time (in seconds): 0.01
Sampling-step CPU time (in seconds): 295.15
Postprocessing CPU time (in seconds): 0.00
Total elapsed CPU time (in seconds): 295.16

