Compiled on Aug 20 2017 18:23:04

ChangeLog
Version 2.2.0
20100609. PSP mode
20100527. Allow for multiple consecutive > in the header
20081128. ZOOPS mode is allow to have sequences that are shorter than span
20081115. Modified the chooseBestSite routine to use P(Y_i > 0)
20080807. Code cleanup for GIMSAN
20080625. Output of background model frequency
20080625. Out of range sequence are counted toward char 'X'
20080408. Increased span-capacity and fixed bug where span may be larger than minimum seqlen.

/home/npanyushev/gimsan_cmdline/gibbsmarkov/gibbsmarkov.out /home/npanyushev/gimsan_cmdline/20170820_common_bins//nullset/null-00018.fa -l 14 -gibbsamp -best_clr -cput 300 -L 200 -ds -zoops 0.200000 -markov 5 -p 0.05 -em 0 

Filename: /home/npanyushev/gimsan_cmdline/20170820_common_bins//nullset/null-00018.fa
Number of sequences: 83
Total residues: 15650
Average sequence length: 188.6
Minimum sequence length: 100
Maximum sequence length: 400
Include reverse-complement: yes
Span: 14
Random seed: 1503246501

Number of motifs to be printed: 1

Stopping criterion: CPU-time
CPU time in seconds: 300

Rapid convergence: on
Iterations plateau (-L): 200
Number of trial iterations: 5
Phase-shift frequency (-ps): 0.40

Occurrences per sequence: Bayesian ZOOPS
Bayesian ZOOPS pseudoweight: 0.20

Pseudo-weight (-p): 0.05
Sampling Technique: Gibbs Sampler

Order of Markov background (-markov): 5
Markov background model: GibbsMarkov
Background dimension: Aggregate
Background file (-bfile): /home/npanyushev/gimsan_cmdline/20170820_common_bins//nullset/null-00018.fa
Position-specific prior file (-psp): none

Scoring scheme: CLR
EM iterations (-em): 0

Input FASTA freq of A: 0.2174
Input FASTA freq of C: 0.2826
Input FASTA freq of G: 0.2826
Input FASTA freq of T: 0.2174

Background model freq of A: 0.2174
Background model freq of C: 0.2826
Background model freq of G: 0.2826
Background model freq of T: 0.2174


All of the following scores are computed after EM (if applicable).
Log Markovian-ILR generated from sites without pseudocount: 72.14
Log Markovian-CLR generated from sites without pseudocount: 51.54
Log(CLR) normalized by number of sequences: 0.6210
Score for ranking runs: 51.54

Motif profile generated from sites:
Pos  [ 0]  [ 1]  [ 2]  [ 3]  [ 4]  [ 5]  [ 6]  [ 7]  [ 8]  [ 9]  [10]  [11]  [12]  [13] 
A    0.00  0.20  0.13  0.00  0.00  0.33  0.00  0.20  0.00  0.13  1.00  0.93  0.33  0.27 
C    0.00  0.67  0.00  0.00  0.40  0.27  0.67  0.00  0.00  0.00  0.00  0.00  0.53  0.73 
G    0.67  0.13  0.00  1.00  0.60  0.00  0.20  0.00  1.00  0.87  0.00  0.07  0.13  0.00 
T    0.33  0.00  0.87  0.00  0.00  0.40  0.13  0.80  0.00  0.00  0.00  0.00  0.00  0.00 

Flanking regions:
Pos  [-5]  [-4]  [-3]  [-2]  [-1]   ||   [14]  [15]  [16]  [17]  [18] 
A    0.33  0.13  0.27  0.07  0.20   ||   0.20  0.20  0.27  0.13  0.07 
C    0.27  0.40  0.40  0.33  0.47   ||   0.40  0.40  0.47  0.27  0.40 
G    0.27  0.33  0.13  0.27  0.13   ||   0.07  0.00  0.13  0.13  0.40 
T    0.13  0.13  0.20  0.33  0.20   ||   0.20  0.27  0.00  0.33  0.00 
X    0.00  0.00  0.00  0.00  0.00   ||   0.13  0.13  0.13  0.13  0.13 

Motif span: 14
Motif weight/width: 14
Consensus motif: GCTGGNCTGGAACC
Number of predicted sites: 15 (18.07%)

Sequence range is from 0 to (number of sequences - 1).
Motif sites are in range 1 to length or -1 to -length.
Sequence   0: motif site     93  (  -106)
Sequence   1: motif site   none  (  none)
Sequence   2: motif site   none  (  none)
Sequence   3: motif site   none  (  none)
Sequence   4: motif site   -292  (   279)
Sequence   5: motif site   none  (  none)
Sequence   6: motif site   none  (  none)
Sequence   7: motif site   none  (  none)
Sequence   8: motif site   none  (  none)
Sequence   9: motif site   -149  (   136)
Sequence  10: motif site   none  (  none)
Sequence  11: motif site   none  (  none)
Sequence  12: motif site   -145  (   132)
Sequence  13: motif site   none  (  none)
Sequence  14: motif site   none  (  none)
Sequence  15: motif site   none  (  none)
Sequence  16: motif site    130  (  -143)
Sequence  17: motif site   none  (  none)
Sequence  18: motif site   none  (  none)
Sequence  19: motif site   none  (  none)
Sequence  20: motif site    -33  (    20)
Sequence  21: motif site   none  (  none)
Sequence  22: motif site   none  (  none)
Sequence  23: motif site   none  (  none)
Sequence  24: motif site     49  (   -62)
Sequence  25: motif site     82  (   -95)
Sequence  26: motif site   none  (  none)
Sequence  27: motif site   none  (  none)
Sequence  28: motif site    137  (  -150)
Sequence  29: motif site   none  (  none)
Sequence  30: motif site   none  (  none)
Sequence  31: motif site   none  (  none)
Sequence  32: motif site   none  (  none)
Sequence  33: motif site   none  (  none)
Sequence  34: motif site   none  (  none)
Sequence  35: motif site   none  (  none)
Sequence  36: motif site   none  (  none)
Sequence  37: motif site   none  (  none)
Sequence  38: motif site   none  (  none)
Sequence  39: motif site   none  (  none)
Sequence  40: motif site   none  (  none)
Sequence  41: motif site   none  (  none)
Sequence  42: motif site   none  (  none)
Sequence  43: motif site   none  (  none)
Sequence  44: motif site     40  (   -53)
Sequence  45: motif site   none  (  none)
Sequence  46: motif site   none  (  none)
Sequence  47: motif site   none  (  none)
Sequence  48: motif site   none  (  none)
Sequence  49: motif site   none  (  none)
Sequence  50: motif site   none  (  none)
Sequence  51: motif site   none  (  none)
Sequence  52: motif site    -81  (    68)
Sequence  53: motif site   none  (  none)
Sequence  54: motif site   none  (  none)
Sequence  55: motif site    137  (  -150)
Sequence  56: motif site   none  (  none)
Sequence  57: motif site   none  (  none)
Sequence  58: motif site   none  (  none)
Sequence  59: motif site   none  (  none)
Sequence  60: motif site   none  (  none)
Sequence  61: motif site   none  (  none)
Sequence  62: motif site   none  (  none)
Sequence  63: motif site   none  (  none)
Sequence  64: motif site    -14  (     1)
Sequence  65: motif site   none  (  none)
Sequence  66: motif site   none  (  none)
Sequence  67: motif site   none  (  none)
Sequence  68: motif site   none  (  none)
Sequence  69: motif site   none  (  none)
Sequence  70: motif site    -27  (    14)
Sequence  71: motif site   none  (  none)
Sequence  72: motif site   none  (  none)
Sequence  73: motif site   none  (  none)
Sequence  74: motif site   none  (  none)
Sequence  75: motif site   none  (  none)
Sequence  76: motif site    149  (  -162)
Sequence  77: motif site   none  (  none)
Sequence  78: motif site   none  (  none)
Sequence  79: motif site   none  (  none)
Sequence  80: motif site   none  (  none)
Sequence  81: motif site   none  (  none)
Sequence  82: motif site   none  (  none)

Alignments and FASTA-headers:
  0   ccctc     93 GCTGGTTAGGAACC 106    ccaac  (+) Score=   4.319  >id=0018-0000 tag=[chr1:1064250-1064400] markov-order=3
  4   gcggg    292 GCTGCCCTGAAACA 279    atcta  (-) Score=   3.190  >id=0018-0004 tag=[chr1:37477300-37477600] markov-order=3
  9   tcctg    149 GGTGGCCTGGAAAC 136    ctgtg  (-) Score=   4.646  >id=0018-0009 tag=[chr10:79331800-79332000] markov-order=3
 12   agacc    145 TCTGGCCTGGAGCC 132    tcctc  (-) Score=   4.057  >id=0018-0012 tag=[chr11:442100-442250] markov-order=3
 16   tggtc    130 GCTGCTCTGGAAGC 143    caagg  (+) Score=   4.874  >id=0018-0016 tag=[chr11:62004600-62004750] markov-order=3
 20   agtcc     33 GAAGGTGTGGAACA 20     tcccc  (-) Score=   7.766  >id=0018-0020 tag=[chr12:45727550-45727750] markov-order=3
 24   ggcca     49 GCAGGACTGGAAGC 62     ctgcc  (+) Score=   2.621  >id=0018-0024 tag=[chr12:111404600-111404800] markov-order=3
 25   aactt     82 TCTGGTCTGGAAAC 95     aaacg  (+) Score=   6.018  >id=0018-0025 tag=[chr14:35156150-35156300] markov-order=3
 28   gatgt    137 GCTGCAGTGGAAAC 150           (+) Score=   4.911  >id=0018-0028 tag=[chr14:76961850-76962000] markov-order=3
 44   ctcac     40 GGTGGAGTGGAACC 53     cacag  (+) Score=   6.020  >id=0018-0044 tag=[chr19:49678400-49678550] markov-order=3
 52   gcagc     81 GCTGGACTGGAACA 68     acctc  (-) Score=   7.524  >id=0018-0052 tag=[chr20:49812550-49812700] markov-order=3
 55   agccc    137 TCTGCTCAGAAACC 150    ctctg  (+) Score=   3.794  >id=0018-0055 tag=[chr22:17781750-17781950] markov-order=3
 64   cttca     14 GATGCTCTGGAAAC 1             (-) Score=   3.850  >id=0018-0064 tag=[chr5:134554850-134555050] markov-order=3
 70   ccagt     27 TATGGCTTGGAAAC 14     tcccc  (-) Score=   5.220  >id=0018-0070 tag=[chr6:3209550-3209700] markov-order=3
 76   acata    149 TCTGCACAGGAACA 162    gcagg  (+) Score=   3.319  >id=0018-0076 tag=[chr7:106425050-106425250] markov-order=3

FASTA-header of sequences with zero occurrences:
  1  >id=0018-0001 tag=[chr1:1215200-1215400] markov-order=3
  2  >id=0018-0002 tag=[chr1:31956100-31956250] markov-order=3
  3  >id=0018-0003 tag=[chr1:33342450-33342650] markov-order=3
  5  >id=0018-0005 tag=[chr1:183180900-183181100] markov-order=3
  6  >id=0018-0006 tag=[chr1:183318500-183318750] markov-order=3
  7  >id=0018-0007 tag=[chr1:234987700-234987900] markov-order=3
  8  >id=0018-0008 tag=[chr1:235011850-235012200] markov-order=3
 10  >id=0018-0010 tag=[chr10:102394300-102394600] markov-order=3
 11  >id=0018-0011 tag=[chr10:102395200-102395450] markov-order=3
 13  >id=0018-0013 tag=[chr11:34234100-34234500] markov-order=3
 14  >id=0018-0014 tag=[chr11:44569300-44569400] markov-order=3
 15  >id=0018-0015 tag=[chr11:58577550-58577750] markov-order=3
 17  >id=0018-0017 tag=[chr11:96156250-96156450] markov-order=3
 18  >id=0018-0018 tag=[chr11:102317150-102317400] markov-order=3
 19  >id=0018-0019 tag=[chr12:11746150-11746350] markov-order=3
 21  >id=0018-0021 tag=[chr12:89960300-89960450] markov-order=3
 22  >id=0018-0022 tag=[chr12:104671750-104671950] markov-order=3
 23  >id=0018-0023 tag=[chr12:104930750-104930900] markov-order=3
 26  >id=0018-0026 tag=[chr14:35404850-35404950] markov-order=3
 27  >id=0018-0027 tag=[chr14:68795700-68795900] markov-order=3
 29  >id=0018-0029 tag=[chr14:77034000-77034150] markov-order=3
 30  >id=0018-0030 tag=[chr14:93959450-93959600] markov-order=3
 31  >id=0018-0031 tag=[chr15:73988100-73988300] markov-order=3
 32  >id=0018-0032 tag=[chr17:7687450-7687650] markov-order=3
 33  >id=0018-0033 tag=[chr17:7842600-7842800] markov-order=3
 34  >id=0018-0034 tag=[chr17:9389150-9389400] markov-order=3
 35  >id=0018-0035 tag=[chr17:21287900-21288050] markov-order=3
 36  >id=0018-0036 tag=[chr17:72422750-72423000] markov-order=3
 37  >id=0018-0037 tag=[chr19:1183950-1184100] markov-order=3
 38  >id=0018-0038 tag=[chr19:4229150-4229400] markov-order=3
 39  >id=0018-0039 tag=[chr19:4831750-4831950] markov-order=3
 40  >id=0018-0040 tag=[chr19:38899800-38900000] markov-order=3
 41  >id=0018-0041 tag=[chr19:42121850-42122000] markov-order=3
 42  >id=0018-0042 tag=[chr19:44753400-44753600] markov-order=3
 43  >id=0018-0043 tag=[chr19:45642500-45642650] markov-order=3
 45  >id=0018-0045 tag=[chr19:49897750-49898000] markov-order=3
 46  >id=0018-0046 tag=[chr2:28681300-28681500] markov-order=3
 47  >id=0018-0047 tag=[chr2:55133950-55134150] markov-order=3
 48  >id=0018-0048 tag=[chr2:64204300-64204450] markov-order=3
 49  >id=0018-0049 tag=[chr2:68467450-68467550] markov-order=3
 50  >id=0018-0050 tag=[chr2:207529550-207529750] markov-order=3
 51  >id=0018-0051 tag=[chr2:218896600-218896750] markov-order=3
 53  >id=0018-0053 tag=[chr20:58306900-58307050] markov-order=3
 54  >id=0018-0054 tag=[chr21:33383100-33383350] markov-order=3
 56  >id=0018-0056 tag=[chr22:35630050-35630200] markov-order=3
 57  >id=0018-0057 tag=[chr3:101827650-101827900] markov-order=3
 58  >id=0018-0058 tag=[chr3:109082000-109082200] markov-order=3
 59  >id=0018-0059 tag=[chr3:119323150-119323300] markov-order=3
 60  >id=0018-0060 tag=[chr3:149225300-149225500] markov-order=3
 61  >id=0018-0061 tag=[chr4:39044450-39044600] markov-order=3
 62  >id=0018-0062 tag=[chr4:102501200-102501450] markov-order=3
 63  >id=0018-0063 tag=[chr5:119397750-119397900] markov-order=3
 65  >id=0018-0065 tag=[chr5:144189900-144190050] markov-order=3
 66  >id=0018-0066 tag=[chr5:151094150-151094300] markov-order=3
 67  >id=0018-0067 tag=[chr5:160467700-160467900] markov-order=3
 68  >id=0018-0068 tag=[chr5:160468050-160468200] markov-order=3
 69  >id=0018-0069 tag=[chr5:179819100-179819200] markov-order=3
 71  >id=0018-0071 tag=[chr6:12013150-12013350] markov-order=3
 72  >id=0018-0072 tag=[chr6:17705950-17706150] markov-order=3
 73  >id=0018-0073 tag=[chr6:44735650-44735750] markov-order=3
 74  >id=0018-0074 tag=[chr6:137873500-137873700] markov-order=3
 75  >id=0018-0075 tag=[chr7:26156450-26156600] markov-order=3
 77  >id=0018-0077 tag=[chr7:155815350-155815550] markov-order=3
 78  >id=0018-0078 tag=[chr8:23074750-23074950] markov-order=3
 79  >id=0018-0079 tag=[chr9:93134550-93134700] markov-order=3
 80  >id=0018-0080 tag=[chr9:131729450-131729700] markov-order=3
 81  >id=0018-0081 tag=[chr9:136882600-136882750] markov-order=3
 82  >id=0018-0082 tag=[chr9:136902500-136902650] markov-order=3

Average number of iterations per run: 379.71
Number of runs: 2247
Preprocessing CPU time (in seconds): 0.01
Sampling-step CPU time (in seconds): 295.05
Postprocessing CPU time (in seconds): 0.00
Total elapsed CPU time (in seconds): 295.06

